<?xml version="1.0" encoding="UTF-8"?>
<testsuite name="CarTest" tests="2" skipped="0" failures="0" errors="0" timestamp="2016-10-02T21:47:50" hostname="Yamins-Lenovo" time="0.0">
  <properties/>
  <testcase name="constructorTest" classname="CarTest" time="0.0"/>
  <testcase name="gettersTest" classname="CarTest" time="0.0"/>
  <system-out><![CDATA[]]></system-out>
  <system-err><![CDATA[]]></system-err>
</testsuite>
