<?xml version="1.0" encoding="UTF-8"?>
<testsuite name="CarbaseTest" tests="5" skipped="0" failures="0" errors="0" timestamp="2016-10-02T21:47:50" hostname="Yamins-Lenovo" time="0.016">
  <properties/>
  <testcase name="constructorTest" classname="CarbaseTest" time="0.0"/>
  <testcase name="findNullTest" classname="CarbaseTest" time="0.0"/>
  <testcase name="findByModelTest" classname="CarbaseTest" time="0.016"/>
  <testcase name="findByYearTest" classname="CarbaseTest" time="0.0"/>
  <testcase name="toStringTest" classname="CarbaseTest" time="0.0"/>
  <system-out><![CDATA[]]></system-out>
  <system-err><![CDATA[]]></system-err>
</testsuite>
