<?xml version="1.0" encoding="UTF-8"?>
<testsuite name="DriverTest" tests="8" skipped="0" failures="0" errors="0" timestamp="2016-10-18T19:46:20" hostname="Yamins-Lenovo" time="0.039">
  <properties/>
  <testcase name="bingeableTest" classname="DriverTest" time="0.0"/>
  <testcase name="subclass_test" classname="DriverTest" time="0.022"/>
  <testcase name="tvSeriesModifierTest" classname="DriverTest" time="0.001"/>
  <testcase name="setterTest" classname="DriverTest" time="0.001"/>
  <testcase name="tvSeries_NotBingeableTest" classname="DriverTest" time="0.001"/>
  <testcase name="binge_Method_Test" classname="DriverTest" time="0.001"/>
  <testcase name="bingeable_implementation" classname="DriverTest" time="0.0"/>
  <testcase name="bingeableModifierTest" classname="DriverTest" time="0.001"/>
  <system-out><![CDATA[]]></system-out>
  <system-err><![CDATA[]]></system-err>
</testsuite>
